
--------------------------------------------------------

 
      _              _   ______   __                  
     / \            / |_|_   _ \ [  |                 
    / _ \     .---.`| |-' | |_) | | | __   _   .---.  
   / ___ \   / /'`\]| |   |  __'. | |[  | | | / /__\ 
 _/ /   \ \_ | \__. | |, _| |__) || | | \_/ |,| \__., 
|____| |____|'.___.'\__/|_______/[___]'.__.'_/ '.__.' 
                                                      
          
--------------------------------------------------------



Training Model to predict contributions by individuals to political committees



Loading Data...

Data Shape:  (400000, 19)


<class 'pandas.core.frame.DataFrame'>
RangeIndex: 400000 entries, 0 to 399999
Data columns (total 19 columns):
 #   Column                        Non-Null Count   Dtype  
---  ------                        --------------   -----  
 0   fec_report_id                 400000 non-null  int64  
 1   date_report_received          400000 non-null  object 
 2   form_type                     400000 non-null  object 
 3   filer_committee_id_number     400000 non-null  object 
 4   transaction_id                400000 non-null  object 
 5   entity_type                   400000 non-null  object 
 6   contributor_last_name         399981 non-null  object 
 7   contributor_first_name        399996 non-null  object 
 8   contributor_street_1          400000 non-null  object 
 9   contributor_city              399999 non-null  object 
 10  contributor_state             400000 non-null  object 
 11  contributor_zip_code          400000 non-null  object 
 12  contribution_date             400000 non-null  object 
 13  contribution_amount           400000 non-null  float64
 14  contribution_aggregate        400000 non-null  float64
 15  contribution_purpose_descrip  400000 non-null  object 
 16  contributor_employer          399311 non-null  object 
 17  contributor_occupation        399841 non-null  object 
 18  memo_text_description         400000 non-null  object 
dtypes: float64(2), int64(1), object(16)
memory usage: 58.0+ MB
None

Checking for missing values...
fec_report_id                     0
date_report_received              0
form_type                         0
filer_committee_id_number         0
transaction_id                    0
entity_type                       0
contributor_last_name            19
contributor_first_name            4
contributor_street_1              0
contributor_city                  1
contributor_state                 0
contributor_zip_code              0
contribution_date                 0
contribution_amount               0
contribution_aggregate            0
contribution_purpose_descrip      0
contributor_employer            689
contributor_occupation          159
memo_text_description             0
dtype: int64

Feature Engineering...
New Data Shape:  (400000, 110)

Features Used in Model:
['earmarked_bernie', 'earmarked_actblue', 'earmarked_biden', 'earmarked_warren', 'earmarked_pete', 'earmarked_dccc', 'earmarked_stop', 'earmarked_amy', 'earmarked_dscc', 'earmarked_ecup', 'occ_not_emp', 'occ_teacher', 'occ_retired', 'occ_law', 'occ_eng', 'occ_prof', 'occ_swe', 'occ_dr', 'occ_sales', 'occ_consult', 'occ_manager', 'occ_nurse', 'occ_self', 'state_AB', 'state_AE', 'state_AK', 'state_AL', 'state_AP', 'state_AR', 'state_AS', 'state_AZ', 'state_BC', 'state_CA', 'state_CO', 'state_CT', 'state_DC', 'state_DE', 'state_FL', 'state_GA', 'state_GU', 'state_HI', 'state_IA', 'state_ID', 'state_IL', 'state_IN', 'state_KS', 'state_KY', 'state_LA', 'state_MA', 'state_MB', 'state_MD', 'state_ME', 'state_MI', 'state_MN', 'state_MO', 'state_MP', 'state_MS', 'state_MT', 'state_NB', 'state_NC', 'state_ND', 'state_NE', 'state_NH', 'state_NJ', 'state_NL', 'state_NM', 'state_NS', 'state_NV', 'state_NY', 'state_OH', 'state_OK', 'state_ON', 'state_OR', 'state_PA', 'state_PE', 'state_PR', 'state_QC', 'state_RI', 'state_SC', 'state_SD', 'state_TN', 'state_TX', 'state_UT', 'state_VA', 'state_VI', 'state_VT', 'state_WA', 'state_WI', 'state_WV', 'state_WY', 'state_YT', 'state_ZZ']

Preparing Model Data...

Training Model...
[0]	validation_0-rmse:113.70677
[1]	validation_0-rmse:113.60877
[2]	validation_0-rmse:113.54668
[3]	validation_0-rmse:113.50196
[4]	validation_0-rmse:113.45723
[5]	validation_0-rmse:113.42312
[6]	validation_0-rmse:113.41999
[7]	validation_0-rmse:113.38245
[8]	validation_0-rmse:113.36275
[9]	validation_0-rmse:113.34349
[10]	validation_0-rmse:113.32708
[11]	validation_0-rmse:113.31431
[12]	validation_0-rmse:113.29760
[13]	validation_0-rmse:113.28956
[14]	validation_0-rmse:113.28948
[15]	validation_0-rmse:113.28962
[16]	validation_0-rmse:113.28001
[17]	validation_0-rmse:113.27278
[18]	validation_0-rmse:113.27491
[19]	validation_0-rmse:113.26953
[20]	validation_0-rmse:113.27218
[21]	validation_0-rmse:113.27704
[22]	validation_0-rmse:113.26959
[23]	validation_0-rmse:113.27378
[24]	validation_0-rmse:113.27623
[25]	validation_0-rmse:113.27240
[26]	validation_0-rmse:113.27109
[27]	validation_0-rmse:113.26746
[28]	validation_0-rmse:113.26832
[29]	validation_0-rmse:113.27180
[30]	validation_0-rmse:113.27149
[31]	validation_0-rmse:113.26919
[32]	validation_0-rmse:113.27768
[33]	validation_0-rmse:113.26924
[34]	validation_0-rmse:113.26760
[35]	validation_0-rmse:113.27363
[36]	validation_0-rmse:113.28290
[37]	validation_0-rmse:113.28808

Model Training Complete!
Time Elapsed: 1.05 seconds

Mean Squared Error: 19048


Most Important Features:
                   importance
earmarked_actblue    0.237175
state_MT             0.060304
earmarked_bernie     0.046765
earmarked_ecup       0.038191
earmarked_amy        0.037615
occ_law              0.037026
earmarked_dccc       0.032185
earmarked_stop       0.031737
occ_not_emp          0.028765
state_FL             0.027355
state_NJ             0.026707
state_TX             0.022528
earmarked_warren     0.020996
earmarked_biden      0.020896
state_NE             0.020538
state_DE             0.020044
state_DC             0.018753
state_ZZ             0.016971
state_MI             0.016705
occ_dr               0.015940

Saving Model...

Model Saved!

Training Complete!

--------------------------------------------------------
